# JRE version: Java(TM) SE Runtime Environment (8.0_211-b12) (build 1.8.0_211-b12)
# Java VM: Java HotSpot(TM) 64-Bit Server VM (25.211-b12 mixed mode windows-amd64 compressed oops)
Heap:
 PSYoungGen      total 145920K, used 82618K [0x00000000f5580000, 0x0000000100000000, 0x0000000100000000)
  eden space 125440K, 49% used [0x00000000f5580000,0x00000000f922f360,0x00000000fd000000)
  from space 20480K, 99% used [0x00000000fec00000,0x00000000fffff4c8,0x0000000100000000)
  to   space 24576K, 0% used [0x00000000fd000000,0x00000000fd000000,0x00000000fe800000)
 ParOldGen       total 210432K, used 41151K [0x00000000e0000000, 0x00000000ecd80000, 0x00000000f5580000)
  object space 210432K, 19% used [0x00000000e0000000,0x00000000e282fe58,0x00000000ecd80000)
 Metaspace       used 70781K, capacity 74295K, committed 74584K, reserved 1114112K
  class space    used 9792K, capacity 10552K, committed 10624K, reserved 1048576K
GC Heap History (10 events):
Event: 23.536 GC heap before
{Heap before GC invocations=11 (full 2):
 PSYoungGen      total 160256K, used 160117K [0x00000000f5580000, 0x0000000100000000, 0x0000000100000000)
  eden space 147968K, 100% used [0x00000000f5580000,0x00000000fe600000,0x00000000fe600000)
  from space 12288K, 98% used [0x00000000ff400000,0x00000000fffdd7e8,0x0000000100000000)
  to   space 13312K, 0% used [0x00000000fe600000,0x00000000fe600000,0x00000000ff300000)
 ParOldGen       total 175104K, used 16258K [0x00000000e0000000, 0x00000000eab00000, 0x00000000f5580000)
  object space 175104K, 9% used [0x00000000e0000000,0x00000000e0fe0828,0x00000000eab00000)
 Metaspace       used 52186K, capacity 54292K, committed 54400K, reserved 1095680K
  class space    used 7248K, capacity 7777K, committed 7808K, reserved 1048576K
Event: 23.561 GC heap after
Heap after GC invocations=11 (full 2):
 PSYoungGen      total 161280K, used 13290K [0x00000000f5580000, 0x0000000100000000, 0x0000000100000000)
  eden space 147968K, 0% used [0x00000000f5580000,0x00000000f5580000,0x00000000fe600000)
  from space 13312K, 99% used [0x00000000fe600000,0x00000000ff2fa840,0x00000000ff300000)
  to   space 13312K, 0% used [0x00000000ff300000,0x00000000ff300000,0x0000000100000000)
 ParOldGen       total 175104K, used 24023K [0x00000000e0000000, 0x00000000eab00000, 0x00000000f5580000)
  object space 175104K, 13% used [0x00000000e0000000,0x00000000e1775dc8,0x00000000eab00000)
 Metaspace       used 52186K, capacity 54292K, committed 54400K, reserved 1095680K
  class space    used 7248K, capacity 7777K, committed 7808K, reserved 1048576K
}
Event: 26.627 GC heap before
{Heap before GC invocations=12 (full 2):
 PSYoungGen      total 161280K, used 92235K [0x00000000f5580000, 0x0000000100000000, 0x0000000100000000)
  eden space 147968K, 53% used [0x00000000f5580000,0x00000000fa298450,0x00000000fe600000)
  from space 13312K, 99% used [0x00000000fe600000,0x00000000ff2fa840,0x00000000ff300000)
  to   space 13312K, 0% used [0x00000000ff300000,0x00000000ff300000,0x0000000100000000)
 ParOldGen       total 175104K, used 24023K [0x00000000e0000000, 0x00000000eab00000, 0x00000000f5580000)
  object space 175104K, 13% used [0x00000000e0000000,0x00000000e1775dc8,0x00000000eab00000)
 Metaspace       used 56560K, capacity 58977K, committed 59096K, reserved 1099776K
  class space    used 7912K, capacity 8448K, committed 8448K, reserved 1048576K
Event: 26.648 GC heap after
Heap after GC invocations=12 (full 2):
 PSYoungGen      total 145920K, used 13297K [0x00000000f5580000, 0x0000000100000000, 0x0000000100000000)
  eden space 132608K, 0% used [0x00000000f5580000,0x00000000f5580000,0x00000000fd700000)
  from space 13312K, 99% used [0x00000000ff300000,0x00000000ffffc408,0x0000000100000000)
  to   space 20992K, 0% used [0x00000000fd700000,0x00000000fd700000,0x00000000feb80000)
 ParOldGen       total 175104K, used 31970K [0x00000000e0000000, 0x00000000eab00000, 0x00000000f5580000)
  object space 175104K, 18% used [0x00000000e0000000,0x00000000e1f38b98,0x00000000eab00000)
 Metaspace       used 56560K, capacity 58977K, committed 59096K, reserved 1099776K
  class space    used 7912K, capacity 8448K, committed 8448K, reserved 1048576K
}
Event: 26.648 GC heap before
{Heap before GC invocations=13 (full 3):
 PSYoungGen      total 145920K, used 13297K [0x00000000f5580000, 0x0000000100000000, 0x0000000100000000)
  eden space 132608K, 0% used [0x00000000f5580000,0x00000000f5580000,0x00000000fd700000)
  from space 13312K, 99% used [0x00000000ff300000,0x00000000ffffc408,0x0000000100000000)
  to   space 20992K, 0% used [0x00000000fd700000,0x00000000fd700000,0x00000000feb80000)
 ParOldGen       total 175104K, used 31970K [0x00000000e0000000, 0x00000000eab00000, 0x00000000f5580000)
  object space 175104K, 18% used [0x00000000e0000000,0x00000000e1f38b98,0x00000000eab00000)
 Metaspace       used 56560K, capacity 58977K, committed 59096K, reserved 1099776K
  class space    used 7912K, capacity 8448K, committed 8448K, reserved 1048576K
Event: 26.974 GC heap after
Heap after GC invocations=13 (full 3):
 PSYoungGen      total 145920K, used 0K [0x00000000f5580000, 0x0000000100000000, 0x0000000100000000)
  eden space 132608K, 0% used [0x00000000f5580000,0x00000000f5580000,0x00000000fd700000)
  from space 13312K, 0% used [0x00000000ff300000,0x00000000ff300000,0x0000000100000000)
  to   space 20992K, 0% used [0x00000000fd700000,0x00000000fd700000,0x00000000feb80000)
 ParOldGen       total 210432K, used 35913K [0x00000000e0000000, 0x00000000ecd80000, 0x00000000f5580000)
  object space 210432K, 17% used [0x00000000e0000000,0x00000000e2312510,0x00000000ecd80000)
 Metaspace       used 56541K, capacity 58911K, committed 59096K, reserved 1099776K
  class space    used 7906K, capacity 8437K, committed 8448K, reserved 1048576K
}
Event: 31.764 GC heap before
{Heap before GC invocations=14 (full 3):
 PSYoungGen      total 145920K, used 132608K [0x00000000f5580000, 0x0000000100000000, 0x0000000100000000)
  eden space 132608K, 100% used [0x00000000f5580000,0x00000000fd700000,0x00000000fd700000)
  from space 13312K, 0% used [0x00000000ff300000,0x00000000ff300000,0x0000000100000000)
  to   space 20992K, 0% used [0x00000000fd700000,0x00000000fd700000,0x00000000feb80000)
 ParOldGen       total 210432K, used 35913K [0x00000000e0000000, 0x00000000ecd80000, 0x00000000f5580000)
  object space 210432K, 17% used [0x00000000e0000000,0x00000000e2312510,0x00000000ecd80000)
 Metaspace       used 63049K, capacity 66227K, committed 66392K, reserved 1105920K
  class space    used 8877K, capacity 9554K, committed 9600K, reserved 1048576K
Event: 31.775 GC heap after
Heap after GC invocations=14 (full 3):
 PSYoungGen      total 153600K, used 11994K [0x00000000f5580000, 0x0000000100000000, 0x0000000100000000)
  eden space 132608K, 0% used [0x00000000f5580000,0x00000000f5580000,0x00000000fd700000)
  from space 20992K, 57% used [0x00000000fd700000,0x00000000fe2b6988,0x00000000feb80000)
  to   space 20480K, 0% used [0x00000000fec00000,0x00000000fec00000,0x0000000100000000)
 ParOldGen       total 210432K, used 35921K [0x00000000e0000000, 0x00000000ecd80000, 0x00000000f5580000)
  object space 210432K, 17% used [0x00000000e0000000,0x00000000e2314510,0x00000000ecd80000)
 Metaspace       used 63049K, capacity 66227K, committed 66392K, reserved 1105920K
  class space    used 8877K, capacity 9554K, committed 9600K, reserved 1048576K
}
Event: 39.723 GC heap before
{Heap before GC invocations=15 (full 3):
 PSYoungGen      total 153600K, used 144602K [0x00000000f5580000, 0x0000000100000000, 0x0000000100000000)
  eden space 132608K, 100% used [0x00000000f5580000,0x00000000fd700000,0x00000000fd700000)
  from space 20992K, 57% used [0x00000000fd700000,0x00000000fe2b6988,0x00000000feb80000)
  to   space 20480K, 0% used [0x00000000fec00000,0x00000000fec00000,0x0000000100000000)
 ParOldGen       total 210432K, used 35921K [0x00000000e0000000, 0x00000000ecd80000, 0x00000000f5580000)
  object space 210432K, 17% used [0x00000000e0000000,0x00000000e2314510,0x00000000ecd80000)
 Metaspace       used 68468K, capacity 71875K, committed 72152K, reserved 1112064K
  class space    used 9615K, capacity 10370K, committed 10496K, reserved 1048576K
Event: 39.746 GC heap after
Heap after GC invocations=15 (full 3):
 PSYoungGen      total 145920K, used 20477K [0x00000000f5580000, 0x0000000100000000, 0x0000000100000000)
  eden space 125440K, 0% used [0x00000000f5580000,0x00000000f5580000,0x00000000fd000000)
  from space 20480K, 99% used [0x00000000fec00000,0x00000000fffff4c8,0x0000000100000000)
  to   space 24576K, 0% used [0x00000000fd000000,0x00000000fd000000,0x00000000fe800000)
 ParOldGen       total 210432K, used 41151K [0x00000000e0000000, 0x00000000ecd80000, 0x00000000f5580000)
  object space 210432K, 19% used [0x00000000e0000000,0x00000000e282fe58,0x00000000ecd80000)
 Metaspace       used 68468K, capacity 71875K, committed 72152K, reserved 1112064K
  class space    used 9615K, capacity 10370K, committed 10496K, reserved 1048576K
}

